f:\lysticengine\lysticengine\playground\x64\debug\vc140.pdb
f:\lysticengine\lysticengine\playground\x64\debug\vc140.idb
f:\lysticengine\lysticengine\playground\x64\debug\main.obj
f:\lysticengine\lysticengine\playground\x64\debug\main.obj.enc
f:\lysticengine\lysticengine\x64\debug\playground.pdb
f:\lysticengine\lysticengine\playground\x64\debug\playground.tlog\cl.command.1.tlog
f:\lysticengine\lysticengine\playground\x64\debug\playground.tlog\cl.read.1.tlog
f:\lysticengine\lysticengine\playground\x64\debug\playground.tlog\cl.write.1.tlog
f:\lysticengine\lysticengine\playground\x64\debug\playground.tlog\link-cvtres.read.1.tlog
f:\lysticengine\lysticengine\playground\x64\debug\playground.tlog\link-cvtres.write.1.tlog
f:\lysticengine\lysticengine\playground\x64\debug\playground.tlog\link-rc.read.1.tlog
f:\lysticengine\lysticengine\playground\x64\debug\playground.tlog\link-rc.write.1.tlog
f:\lysticengine\lysticengine\playground\x64\debug\playground.tlog\link.4492-cvtres.read.1.tlog
f:\lysticengine\lysticengine\playground\x64\debug\playground.tlog\link.4492-cvtres.write.1.tlog
f:\lysticengine\lysticengine\playground\x64\debug\playground.tlog\link.4492-rc.read.1.tlog
f:\lysticengine\lysticengine\playground\x64\debug\playground.tlog\link.4492-rc.write.1.tlog
f:\lysticengine\lysticengine\playground\x64\debug\playground.tlog\link.4492.read.1.tlog
f:\lysticengine\lysticengine\playground\x64\debug\playground.tlog\link.4492.write.1.tlog
f:\lysticengine\lysticengine\playground\x64\debug\playground.tlog\link.command.1.tlog
f:\lysticengine\lysticengine\playground\x64\debug\playground.tlog\link.read.1.tlog
f:\lysticengine\lysticengine\playground\x64\debug\playground.tlog\link.write.1.tlog
